# JRE version: OpenJDK Runtime Environment (8.0_252-b09) (build 1.8.0_252-b09)
# Java VM: OpenJDK 64-Bit Server VM (25.252-b09 mixed mode linux-amd64 compressed oops)
Heap:
 PSYoungGen      total 134144K, used 12128K [0x00000000d7180000, 0x00000000dfb80000, 0x0000000100000000)
  eden space 126976K, 5% used [0x00000000d7180000,0x00000000d7864c98,0x00000000ded80000)
  from space 7168K, 70% used [0x00000000df480000,0x00000000df973720,0x00000000dfb80000)
  to   space 7168K, 0% used [0x00000000ded80000,0x00000000ded80000,0x00000000df480000)
 ParOldGen       total 84992K, used 3679K [0x0000000085400000, 0x000000008a700000, 0x00000000d7180000)
  object space 84992K, 4% used [0x0000000085400000,0x0000000085797f30,0x000000008a700000)
 Metaspace       used 13907K, capacity 14104K, committed 14336K, reserved 1062912K
  class space    used 1415K, capacity 1478K, committed 1536K, reserved 1048576K
GC Heap History (10 events):
Event: 5.011 GC heap before
{Heap before GC invocations=2 (full 0):
 PSYoungGen      total 36864K, used 36837K [0x00000000d7180000, 0x00000000d9a80000, 0x0000000100000000)
  eden space 31744K, 100% used [0x00000000d7180000,0x00000000d9080000,0x00000000d9080000)
  from space 5120K, 99% used [0x00000000d9080000,0x00000000d95797c8,0x00000000d9580000)
  to   space 5120K, 0% used [0x00000000d9580000,0x00000000d9580000,0x00000000d9a80000)
 ParOldGen       total 84992K, used 2121K [0x0000000085400000, 0x000000008a700000, 0x00000000d7180000)
  object space 84992K, 2% used [0x0000000085400000,0x0000000085612438,0x000000008a700000)
 Metaspace       used 13412K, capacity 13582K, committed 13824K, reserved 1060864K
  class space    used 1388K, capacity 1477K, committed 1536K, reserved 1048576K
Event: 5.028 GC heap after
Heap after GC invocations=2 (full 0):
 PSYoungGen      total 36864K, used 4344K [0x00000000d7180000, 0x00000000db980000, 0x0000000100000000)
  eden space 31744K, 0% used [0x00000000d7180000,0x00000000d7180000,0x00000000d9080000)
  from space 5120K, 84% used [0x00000000d9580000,0x00000000d99be230,0x00000000d9a80000)
  to   space 5120K, 0% used [0x00000000d9080000,0x00000000d9080000,0x00000000d9580000)
 ParOldGen       total 84992K, used 2129K [0x0000000085400000, 0x000000008a700000, 0x00000000d7180000)
  object space 84992K, 2% used [0x0000000085400000,0x0000000085614438,0x000000008a700000)
 Metaspace       used 13412K, capacity 13582K, committed 13824K, reserved 1060864K
  class space    used 1388K, capacity 1477K, committed 1536K, reserved 1048576K
}
Event: 5.490 GC heap before
{Heap before GC invocations=3 (full 0):
 PSYoungGen      total 36864K, used 36088K [0x00000000d7180000, 0x00000000db980000, 0x0000000100000000)
  eden space 31744K, 100% used [0x00000000d7180000,0x00000000d9080000,0x00000000d9080000)
  from space 5120K, 84% used [0x00000000d9580000,0x00000000d99be230,0x00000000d9a80000)
  to   space 5120K, 0% used [0x00000000d9080000,0x00000000d9080000,0x00000000d9580000)
 ParOldGen       total 84992K, used 2129K [0x0000000085400000, 0x000000008a700000, 0x00000000d7180000)
  object space 84992K, 2% used [0x0000000085400000,0x0000000085614438,0x000000008a700000)
 Metaspace       used 13496K, capacity 13714K, committed 13824K, reserved 1060864K
  class space    used 1392K, capacity 1477K, committed 1536K, reserved 1048576K
Event: 5.511 GC heap after
Heap after GC invocations=3 (full 0):
 PSYoungGen      total 36864K, used 5101K [0x00000000d7180000, 0x00000000db980000, 0x0000000100000000)
  eden space 31744K, 0% used [0x00000000d7180000,0x00000000d7180000,0x00000000d9080000)
  from space 5120K, 99% used [0x00000000d9080000,0x00000000d957b720,0x00000000d9580000)
  to   space 5120K, 0% used [0x00000000db480000,0x00000000db480000,0x00000000db980000)
 ParOldGen       total 84992K, used 2737K [0x0000000085400000, 0x000000008a700000, 0x00000000d7180000)
  object space 84992K, 3% used [0x0000000085400000,0x00000000856ac438,0x000000008a700000)
 Metaspace       used 13496K, capacity 13714K, committed 13824K, reserved 1060864K
  class space    used 1392K, capacity 1477K, committed 1536K, reserved 1048576K
}
Event: 6.260 GC heap before
{Heap before GC invocations=4 (full 0):
 PSYoungGen      total 36864K, used 36845K [0x00000000d7180000, 0x00000000db980000, 0x0000000100000000)
  eden space 31744K, 100% used [0x00000000d7180000,0x00000000d9080000,0x00000000d9080000)
  from space 5120K, 99% used [0x00000000d9080000,0x00000000d957b720,0x00000000d9580000)
  to   space 5120K, 0% used [0x00000000db480000,0x00000000db480000,0x00000000db980000)
 ParOldGen       total 84992K, used 2737K [0x0000000085400000, 0x000000008a700000, 0x00000000d7180000)
  object space 84992K, 3% used [0x0000000085400000,0x00000000856ac438,0x000000008a700000)
 Metaspace       used 13704K, capacity 13912K, committed 14080K, reserved 1062912K
  class space    used 1404K, capacity 1478K, committed 1536K, reserved 1048576K
Event: 6.282 GC heap after
Heap after GC invocations=4 (full 0):
 PSYoungGen      total 68608K, used 5117K [0x00000000d7180000, 0x00000000db980000, 0x0000000100000000)
  eden space 63488K, 0% used [0x00000000d7180000,0x00000000d7180000,0x00000000daf80000)
  from space 5120K, 99% used [0x00000000db480000,0x00000000db97f730,0x00000000db980000)
  to   space 5120K, 0% used [0x00000000daf80000,0x00000000daf80000,0x00000000db480000)
 ParOldGen       total 84992K, used 2908K [0x0000000085400000, 0x000000008a700000, 0x00000000d7180000)
  object space 84992K, 3% used [0x0000000085400000,0x00000000856d72d0,0x000000008a700000)
 Metaspace       used 13704K, capacity 13912K, committed 14080K, reserved 1062912K
  class space    used 1404K, capacity 1478K, committed 1536K, reserved 1048576K
}
Event: 7.082 GC heap before
{Heap before GC invocations=5 (full 0):
 PSYoungGen      total 68608K, used 68605K [0x00000000d7180000, 0x00000000db980000, 0x0000000100000000)
  eden space 63488K, 100% used [0x00000000d7180000,0x00000000daf80000,0x00000000daf80000)
  from space 5120K, 99% used [0x00000000db480000,0x00000000db97f730,0x00000000db980000)
  to   space 5120K, 0% used [0x00000000daf80000,0x00000000daf80000,0x00000000db480000)
 ParOldGen       total 84992K, used 2908K [0x0000000085400000, 0x000000008a700000, 0x00000000d7180000)
  object space 84992K, 3% used [0x0000000085400000,0x00000000856d72d0,0x000000008a700000)
 Metaspace       used 13863K, capacity 14040K, committed 14336K, reserved 1062912K
  class space    used 1414K, capacity 1478K, committed 1536K, reserved 1048576K
Event: 7.112 GC heap after
Heap after GC invocations=5 (full 0):
 PSYoungGen      total 68608K, used 5101K [0x00000000d7180000, 0x00000000dfb80000, 0x0000000100000000)
  eden space 63488K, 0% used [0x00000000d7180000,0x00000000d7180000,0x00000000daf80000)
  from space 5120K, 99% used [0x00000000daf80000,0x00000000db47b720,0x00000000db480000)
  to   space 7168K, 0% used [0x00000000df480000,0x00000000df480000,0x00000000dfb80000)
 ParOldGen       total 84992K, used 3679K [0x0000000085400000, 0x000000008a700000, 0x00000000d7180000)
  object space 84992K, 4% used [0x0000000085400000,0x0000000085797f30,0x000000008a700000)
 Metaspace       used 13863K, capacity 14040K, committed 14336K, reserved 1062912K
  class space    used 1414K, capacity 1478K, committed 1536K, reserved 1048576K
}
Event: 7.541 GC heap before
{Heap before GC invocations=6 (full 0):
 PSYoungGen      total 68608K, used 66752K [0x00000000d7180000, 0x00000000dfb80000, 0x0000000100000000)
  eden space 63488K, 97% used [0x00000000d7180000,0x00000000dadb4ca0,0x00000000daf80000)
  from space 5120K, 99% used [0x00000000daf80000,0x00000000db47b720,0x00000000db480000)
  to   space 7168K, 0% used [0x00000000df480000,0x00000000df480000,0x00000000dfb80000)
 ParOldGen       total 84992K, used 3679K [0x0000000085400000, 0x000000008a700000, 0x00000000d7180000)
  object space 84992K, 4% used [0x0000000085400000,0x0000000085797f30,0x000000008a700000)
 Metaspace       used 13891K, capacity 14040K, committed 14336K, reserved 1062912K
  class space    used 1414K, capacity 1478K, committed 1536K, reserved 1048576K
Event: 7.565 GC heap after
Heap after GC invocations=6 (full 0):
 PSYoungGen      total 134144K, used 5069K [0x00000000d7180000, 0x00000000dfb80000, 0x0000000100000000)
  eden space 126976K, 0% used [0x00000000d7180000,0x00000000d7180000,0x00000000ded80000)
  from space 7168K, 70% used [0x00000000df480000,0x00000000df973720,0x00000000dfb80000)
  to   space 7168K, 0% used [0x00000000ded80000,0x00000000ded80000,0x00000000df480000)
 ParOldGen       total 84992K, used 3679K [0x0000000085400000, 0x000000008a700000, 0x00000000d7180000)
  object space 84992K, 4% used [0x0000000085400000,0x0000000085797f30,0x000000008a700000)
 Metaspace       used 13891K, capacity 14040K, committed 14336K, reserved 1062912K
  class space    used 1414K, capacity 1478K, committed 1536K, reserved 1048576K
}

